#
# A fatal error has been detected by the Java Runtime Environment:
#
#  SIGSEGV (0xb) at pc=0x000000010a959609, pid=57248, tid=0x0000000000000307
#
# JRE version: Java(TM) SE Runtime Environment (8.0_144-b01) (build 1.8.0_144-b01)
# Java VM: Java HotSpot(TM) 64-Bit Server VM (25.144-b01 mixed mode bsd-amd64 compressed oops)
# Problematic frame:
# V  [libjvm.dylib+0x315609]  jni_GetObjectClass+0x65
#
# Failed to write core dump. Core dumps have been disabled. To enable core dumping, try "ulimit -c unlimited" before starting Java again
#
# If you would like to submit a bug report, please visit:
#   http://bugreport.java.com/bugreport/crash.jsp
#

---------------  T H R E A D  ---------------

Current thread (0x00007f993f920800):  JavaThread "AppKit Thread" daemon [_thread_in_vm, id=775, stack(0x00007ffee4df5000,0x00007ffee55f5000)]

siginfo: si_signo: 11 (SIGSEGV), si_code: 1 (SEGV_MAPERR), si_addr: 0x0000000000000000

Registers:
RAX=0x000000010af2d6b4, RBX=0x0000000000000000, RCX=0x000000010ae683c0, RDX=0x0000000000000000
RSP=0x00007ffee55f0e20, RBP=0x00007ffee55f0e70, RSI=0x0000000000000000, RDI=0x00007f993f9209f8
R8 =0x00007f993e66c7b8, R9 =0xffffffff00000000, R10=0x005d0901005d4600, R11=0x00007fff2a4f9bbc
R12=0x00007f993e56ff50, R13=0x00007fff2afd31ca, R14=0x00007f993f9209f8, R15=0x00007f993f920800
RIP=0x000000010a959609, EFLAGS=0x0000000000010202, ERR=0x0000000000000004
  TRAPNO=0x000000000000000e

Top of Stack: (sp=0x00007ffee55f0e20)
0x00007ffee55f0e20:   0000000000000000 00007f993f920800
0x00007ffee55f0e30:   0000000000000000 0000000000000000
0x00007ffee55f0e40:   4060000000000000 00007f993f920800
0x00007ffee55f0e50:   00007f993f920800 00007f993e447c10
0x00007ffee55f0e60:   00007f993e56f610 00007f993f9209f8
0x00007ffee55f0e70:   00007ffee55f0ed0 0000000126cc73a7
0x00007ffee55f0e80:   0000000000000000 0000000000000000
0x00007ffee55f0e90:   0000000000000000 0000000000000000
0x00007ffee55f0ea0:   4117218df60db0c3 00007f993e571390
0x00007ffee55f0eb0:   00007f993e56ff50 00007fff2afd31ca
0x00007ffee55f0ec0:   00007f993e56f610 0000000200000000
0x00007ffee55f0ed0:   00007ffee55f1330 00007fff2ac79029
0x00007ffee55f0ee0:   00007fff8d591a00 00007f993e72bc80
0x00007ffee55f0ef0:   00007ffee55f0f30 00007fff53a93c6a
0x00007ffee55f0f00:   00007f993e447c10 ffff8066c18d4380
0x00007ffee55f0f10:   0000000000000008 0000000000000000
0x00007ffee55f0f20:   00007fff8d592448 ffff8066c1bb83f0
0x00007ffee55f0f30:   0000000000000001 00007f993e447c10
0x00007ffee55f0f40:   00007ffee55f0f90 00007fff53a93d25
0x00007ffee55f0f50:   ffff8066c1bb83f0 00007f993e54fec0
0x00007ffee55f0f60:   00007fff8d592440 00007f993e56ff50
0x00007ffee55f0f70:   00007fff53a8be80 00000000000000f8
0x00007ffee55f0f80:   00007fff86a39180 00007fff86a32698
0x00007ffee55f0f90:   00007ffee55f0fc0 00007fff2a4c0e56
0x00007ffee55f0fa0:   0000000000000000 00007f993e72bc80
0x00007ffee55f0fb0:   00007fff86a32690 00007f993e56ff50
0x00007ffee55f0fc0:   00007ffee55f1330 00007fff2ac7d44b
0x00007ffee55f0fd0:   00007ffee55f1010 00007fff2cce8ea3
0x00007ffee55f0fe0:   7650c53e71db0015 00007f993e4581a0
0x00007ffee55f0ff0:   00007ffee55f1010 00007fff2cd1d616
0x00007ffee55f1000:   0000000000000000 00007f993e4581a0
0x00007ffee55f1010:   00007ffee55f1060 00007fff2cd16f1a 

Instructions: (pc=0x000000010a959609)
0x000000010a9595e9:   74 09 48 8d 7d b8 e8 22 49 1a 00 4c 89 f7 48 89
0x000000010a9595f9:   de 90 0f 1f 40 00 48 8d 05 ae 40 5d 00 80 38 00
0x000000010a959609:   48 8b 03 74 15 48 8d 15 0b a5 52 00 8a 4a 08 8b
0x000000010a959619:   40 08 48 d3 e0 48 03 02 eb 04 48 8b 40 08 48 8b 

Register to memory mapping:

RAX=0x000000010af2d6b4: UseCompressedClassPointers+0 in /Library/Java/JavaVirtualMachines/jdk1.8.0_144.jdk/Contents/Home/jre/lib/server/libjvm.dylib at 0x000000010a644000
RBX=0x0000000000000000 is an unknown value
RCX=0x000000010ae683c0: UseMembar+0 in /Library/Java/JavaVirtualMachines/jdk1.8.0_144.jdk/Contents/Home/jre/lib/server/libjvm.dylib at 0x000000010a644000
RDX=0x0000000000000000 is an unknown value
RSP=0x00007ffee55f0e20 is pointing into the stack for thread: 0x00007f993f920800
RBP=0x00007ffee55f0e70 is pointing into the stack for thread: 0x00007f993f920800
RSI=0x0000000000000000 is an unknown value
RDI=0x00007f993f9209f8 is an unknown value
R8 =0x00007f993e66c7b8 is an unknown value
R9 =0xffffffff00000000 is an unknown value
R10=0x005d0901005d4600 is an unknown value
R11=0x00007fff2a4f9bbc: -[NSEvent timestamp]+0 in /System/Library/Frameworks/AppKit.framework/Versions/C/AppKit at 0x00007fff2a303000
R12=0x00007f993e56ff50 is an unknown value
R13=0x00007fff2afd31ca: .str.41.llvm.371263A9+0x3a454 in /System/Library/Frameworks/AppKit.framework/Versions/C/AppKit at 0x00007fff2a303000
R14=0x00007f993f9209f8 is an unknown value
R15=0x00007f993f920800 is a thread


Stack: [0x00007ffee4df5000,0x00007ffee55f5000],  sp=0x00007ffee55f0e20,  free space=8175k
Native frames: (J=compiled Java code, j=interpreted, Vv=VM code, C=native code)
V  [libjvm.dylib+0x315609]  jni_GetObjectClass+0x65
C  [liblwjgl.dylib+0xb3a7]  -[MacOSXOpenGLView scrollWheel:]+0x77
C  [AppKit+0x976029]  -[NSWindow(NSEventRouting) _reallySendEvent:isDelayedEvent:]+0x13b0
C  [AppKit+0x97485c]  -[NSWindow(NSEventRouting) sendEvent:]+0x1f1
C  [AppKit+0x7d5ed3]  -[NSApplication(NSEvent) sendEvent:]+0x9ef
C  [libosxapp.dylib+0x232c]  -[NSApplicationAWT sendEvent:]+0x17a
C  [AppKit+0x36d9d]  -[NSApplication run]+0x32c
C  [libosxapp.dylib+0x214d]  +[NSApplicationAWT runAWTLoopWithApp:]+0x9c
C  [libawt_lwawt.dylib+0x45edf]  -[AWTStarter starter:]+0x389
C  [Foundation+0x681c5]  __NSThreadPerformPerform+0x14e
C  [CoreFoundation+0xa3721]  __CFRUNLOOP_IS_CALLING_OUT_TO_A_SOURCE0_PERFORM_FUNCTION__+0x11
C  [CoreFoundation+0x15d0ac]  __CFRunLoopDoSource0+0x6c
C  [CoreFoundation+0x86260]  __CFRunLoopDoSources0+0xd0
C  [CoreFoundation+0x856dd]  __CFRunLoopRun+0x50d
C  [CoreFoundation+0x84f43]  CFRunLoopRunSpecific+0x1e3
C  [java+0x6465]  CreateExecutionEnvironment+0x367
C  [java+0x218c]  JLI_Launch+0x7a0
C  [java+0x84c2]  main+0x65
C  [java+0x19e4]  start+0x34
C  0x0000000000000007


---------------  P R O C E S S  ---------------

Java Threads: ( => current thread )
  0x00007f993f189800 JavaThread "AWT-Shutdown" [_thread_blocked, id=40235, stack(0x000070000414f000,0x000070000424f000)]
=>0x00007f993f920800 JavaThread "AppKit Thread" daemon [_thread_in_vm, id=775, stack(0x00007ffee4df5000,0x00007ffee55f5000)]
  0x00007f993e83f800 JavaThread "Service Thread" daemon [_thread_blocked, id=15363, stack(0x0000700003ec6000,0x0000700003fc6000)]
  0x00007f993f095800 JavaThread "C1 CompilerThread2" daemon [_thread_blocked, id=15107, stack(0x0000700003dc3000,0x0000700003ec3000)]
  0x00007f993f094800 JavaThread "C2 CompilerThread1" daemon [_thread_blocked, id=18691, stack(0x0000700003cc0000,0x0000700003dc0000)]
  0x00007f99400b3800 JavaThread "C2 CompilerThread0" daemon [_thread_blocked, id=18947, stack(0x0000700003bbd000,0x0000700003cbd000)]
  0x00007f993f855800 JavaThread "Monitor Ctrl-Break" daemon [_thread_in_native, id=14083, stack(0x0000700003aba000,0x0000700003bba000)]
  0x00007f993f042000 JavaThread "Signal Dispatcher" daemon [_thread_blocked, id=13575, stack(0x00007000039b7000,0x0000700003ab7000)]
  0x00007f993e815000 JavaThread "Finalizer" daemon [_thread_blocked, id=12291, stack(0x00007000038b4000,0x00007000039b4000)]
  0x00007f993e80e800 JavaThread "Reference Handler" daemon [_thread_blocked, id=12035, stack(0x00007000037b1000,0x00007000038b1000)]
  0x00007f993e801800 JavaThread "main" [_thread_in_vm, id=2819, stack(0x0000700003099000,0x0000700003199000)]

Other Threads:
  0x00007f994001c800 VMThread [stack: 0x00007000036ae000,0x00007000037ae000] [id=21507]
  0x00007f9940139800 WatcherThread [stack: 0x0000700003fc9000,0x00007000040c9000] [id=15875]

VM state:not at safepoint (normal execution)

VM Mutex/Monitor currently owned by a thread: None

Heap:
 PSYoungGen      total 38400K, used 10039K [0x0000000795580000, 0x0000000798000000, 0x00000007c0000000)
  eden space 33280K, 30% used [0x0000000795580000,0x0000000795f4dc30,0x0000000797600000)
  from space 5120K, 0% used [0x0000000797b00000,0x0000000797b00000,0x0000000798000000)
  to   space 5120K, 0% used [0x0000000797600000,0x0000000797600000,0x0000000797b00000)
 ParOldGen       total 87552K, used 0K [0x0000000740000000, 0x0000000745580000, 0x0000000795580000)
  object space 87552K, 0% used [0x0000000740000000,0x0000000740000000,0x0000000745580000)
 Metaspace       used 6202K, capacity 6352K, committed 6400K, reserved 1056768K
  class space    used 703K, capacity 760K, committed 768K, reserved 1048576K

Card table byte_map: [0x000000011b3fd000,0x000000011b7fe000] byte_map_base: 0x00000001179fd000

Marking Bits: (ParMarkBitMap*) 0x000000010af375d0
 Begin Bits: [0x000000011baa9000, 0x000000011daa9000)
 End Bits:   [0x000000011daa9000, 0x000000011faa9000)

Polling page: 0x000000010b5f9000

CodeCache: size=245760Kb used=1900Kb max_used=1902Kb free=243859Kb
 bounds [0x000000010c03d000, 0x000000010c2ad000, 0x000000011b03d000]
 total_blobs=685 nmethods=384 adapters=215
 compilation: enabled

Compilation events (10 events):
Event: 0.832 Thread 0x00007f993f095800  362       3       java.util.WeakHashMap::indexFor (6 bytes)
Event: 0.832 Thread 0x00007f993f095800 nmethod 362 0x000000010c2074d0 code [0x000000010c207620, 0x000000010c207750]
Event: 0.854 Thread 0x00007f993f095800  366   !   3       java.util.zip.ZipFile$ZipFileInputStream::close (110 bytes)
Event: 0.854 Thread 0x00007f993f095800 nmethod 366 0x000000010c2106d0 code [0x000000010c210880, 0x000000010c2110b8]
Event: 0.854 Thread 0x00007f993f095800  367  s!   3       java.net.URLStreamHandler::getHostAddress (54 bytes)
Event: 0.856 Thread 0x00007f993f095800 nmethod 367 0x000000010c211450 code [0x000000010c211600, 0x000000010c211dd8]
Event: 0.857 Thread 0x00007f993f095800  368       3       sun.misc.URLClassPath::getResource (83 bytes)
Event: 0.858 Thread 0x00007f993f095800 nmethod 368 0x000000010c212110 code [0x000000010c2122c0, 0x000000010c212688]
Event: 0.860 Thread 0x00007f993f095800  369       3       java.lang.ref.SoftReference::<init> (13 bytes)
Event: 0.861 Thread 0x00007f993f095800 nmethod 369 0x000000010c212810 code [0x000000010c212980, 0x000000010c212c70]

GC Heap History (0 events):
No events

Deoptimization events (2 events):
Event: 0.439 Thread 0x00007f993e801800 Uncommon trap: reason=unstable_if action=reinterpret pc=0x000000010c1e1164 method=java.lang.String.indexOf([CII[CIII)I @ 134
Event: 0.706 Thread 0x00007f993e801800 Uncommon trap: reason=unstable_if action=reinterpret pc=0x000000010c1e9700 method=java.lang.String.replace(CC)Ljava/lang/String; @ 26

Internal exceptions (10 events):
Event: 0.077 Thread 0x00007f993e801800 Exception <a 'java/lang/NoSuchMethodError': Method sun.misc.Unsafe.defineClass(Ljava/lang/String;[BII)Ljava/lang/Class; name or signature does not match> (0x0000000795587ca8) thrown at [/Users/java_re/workspace/8-2-build-macosx-x86_64/jdk8u144/9417/hotspo
Event: 0.078 Thread 0x00007f993e801800 Exception <a 'java/lang/NoSuchMethodError': Method sun.misc.Unsafe.prefetchRead(Ljava/lang/Object;J)V name or signature does not match> (0x0000000795587f90) thrown at [/Users/java_re/workspace/8-2-build-macosx-x86_64/jdk8u144/9417/hotspot/src/share/vm/pri
Event: 0.351 Thread 0x00007f993e801800 Exception <a 'java/security/PrivilegedActionException'> (0x00000007959edcd0) thrown at [/Users/java_re/workspace/8-2-build-macosx-x86_64/jdk8u144/9417/hotspot/src/share/vm/prims/jvm.cpp, line 1390]
Event: 0.351 Thread 0x00007f993e801800 Exception <a 'java/security/PrivilegedActionException'> (0x00000007959edee0) thrown at [/Users/java_re/workspace/8-2-build-macosx-x86_64/jdk8u144/9417/hotspot/src/share/vm/prims/jvm.cpp, line 1390]
Event: 0.352 Thread 0x00007f993e801800 Exception <a 'java/security/PrivilegedActionException'> (0x00000007959f13f8) thrown at [/Users/java_re/workspace/8-2-build-macosx-x86_64/jdk8u144/9417/hotspot/src/share/vm/prims/jvm.cpp, line 1390]
Event: 0.352 Thread 0x00007f993e801800 Exception <a 'java/security/PrivilegedActionException'> (0x00000007959f1608) thrown at [/Users/java_re/workspace/8-2-build-macosx-x86_64/jdk8u144/9417/hotspot/src/share/vm/prims/jvm.cpp, line 1390]
Event: 0.405 Thread 0x00007f993e801800 Exception <a 'java/lang/NoSuchFieldError': method resolution failed> (0x0000000795b357f8) thrown at [/Users/java_re/workspace/8-2-build-macosx-x86_64/jdk8u144/9417/hotspot/src/share/vm/prims/methodHandles.cpp, line 1146]
Event: 0.408 Thread 0x00007f993e801800 Exception <a 'java/lang/NoSuchFieldError': method resolution failed> (0x0000000795b437e8) thrown at [/Users/java_re/workspace/8-2-build-macosx-x86_64/jdk8u144/9417/hotspot/src/share/vm/prims/methodHandles.cpp, line 1146]
Event: 0.665 Thread 0x00007f993e801800 Exception <a 'java/io/FileNotFoundException'> (0x0000000795be5fd8) thrown at [/Users/java_re/workspace/8-2-build-macosx-x86_64/jdk8u144/9417/hotspot/src/share/vm/prims/jni.cpp, line 709]
Event: 0.665 Thread 0x00007f993e801800 Exception <a 'java/io/FileNotFoundException'> (0x0000000795be6b80) thrown at [/Users/java_re/workspace/8-2-build-macosx-x86_64/jdk8u144/9417/hotspot/src/share/vm/prims/jni.cpp, line 709]

Events (10 events):
Event: 0.853 loading class org/lwjgl/input/Mouse$1
Event: 0.853 loading class org/lwjgl/input/Mouse$1 done
Event: 0.854 loading class org/lwjgl/input/OpenGLPackageAccess
Event: 0.854 loading class org/lwjgl/input/OpenGLPackageAccess done
Event: 0.857 loading class org/lwjgl/input/OpenGLPackageAccess$1
Event: 0.857 loading class org/lwjgl/input/OpenGLPackageAccess$1 done
Event: 0.859 loading class org/lwjgl/input/OpenGLPackageAccess$2
Event: 0.859 loading class org/lwjgl/input/OpenGLPackageAccess$2 done
Event: 0.861 loading class org/lwjgl/opengles/ContextAttribs
Event: 0.861 loading class org/lwjgl/opengles/ContextAttribs done


Dynamic libraries:
0x0000000005335000 	/System/Library/Frameworks/Cocoa.framework/Versions/A/Cocoa
0x0000000005335000 	/System/Library/Frameworks/Security.framework/Versions/A/Security
0x0000000005335000 	/System/Library/Frameworks/ApplicationServices.framework/Versions/A/ApplicationServices
0x0000000005335000 	/usr/lib/libz.1.dylib
0x0000000005335000 	/usr/lib/libSystem.B.dylib
0x0000000005335000 	/usr/lib/libobjc.A.dylib
0x0000000005335000 	/System/Library/Frameworks/CoreFoundation.framework/Versions/A/CoreFoundation
0x0000000005335000 	/System/Library/Frameworks/Foundation.framework/Versions/C/Foundation
0x0000000005335000 	/System/Library/Frameworks/AppKit.framework/Versions/C/AppKit
0x0000000005335000 	/System/Library/Frameworks/CoreData.framework/Versions/A/CoreData
0x0000000005335000 	/System/Library/PrivateFrameworks/RemoteViewServices.framework/Versions/A/RemoteViewServices
0x0000000005335000 	/System/Library/PrivateFrameworks/UIFoundation.framework/Versions/A/UIFoundation
0x0000000005335000 	/System/Library/PrivateFrameworks/DFRFoundation.framework/Versions/A/DFRFoundation
0x0000000005335000 	/System/Library/Frameworks/Metal.framework/Versions/A/Metal
0x0000000005335000 	/System/Library/PrivateFrameworks/DesktopServicesPriv.framework/Versions/A/DesktopServicesPriv
0x0000000005335000 	/usr/lib/libenergytrace.dylib
0x0000000005335000 	/System/Library/PrivateFrameworks/SkyLight.framework/Versions/A/SkyLight
0x0000000005335000 	/System/Library/Frameworks/CoreGraphics.framework/Versions/A/CoreGraphics
0x0000000005335000 	/usr/lib/libScreenReader.dylib
0x0000000005335000 	/System/Library/Frameworks/Accelerate.framework/Versions/A/Accelerate
0x0000000005335000 	/System/Library/Frameworks/IOSurface.framework/Versions/A/IOSurface
0x0000000005335000 	/System/Library/Frameworks/AudioToolbox.framework/Versions/A/AudioToolbox
0x0000000005335000 	/System/Library/Frameworks/AudioUnit.framework/Versions/A/AudioUnit
0x0000000005335000 	/System/Library/PrivateFrameworks/DataDetectorsCore.framework/Versions/A/DataDetectorsCore
0x0000000005335000 	/System/Library/Frameworks/Carbon.framework/Versions/A/Frameworks/HIToolbox.framework/Versions/A/HIToolbox
0x0000000005335000 	/usr/lib/libicucore.A.dylib
0x0000000005335000 	/System/Library/Frameworks/QuartzCore.framework/Versions/A/QuartzCore
0x0000000005335000 	/System/Library/Frameworks/Carbon.framework/Versions/A/Frameworks/SpeechRecognition.framework/Versions/A/SpeechRecognition
0x0000000005335000 	/usr/lib/libauto.dylib
0x0000000005335000 	/usr/lib/libxml2.2.dylib
0x0000000005335000 	/System/Library/PrivateFrameworks/CoreUI.framework/Versions/A/CoreUI
0x0000000005335000 	/System/Library/Frameworks/CoreAudio.framework/Versions/A/CoreAudio
0x0000000005335000 	/System/Library/Frameworks/DiskArbitration.framework/Versions/A/DiskArbitration
0x0000000005335000 	/usr/lib/liblangid.dylib
0x0000000005335000 	/System/Library/PrivateFrameworks/MultitouchSupport.framework/Versions/A/MultitouchSupport
0x0000000005335000 	/System/Library/Frameworks/IOKit.framework/Versions/A/IOKit
0x0000000005335000 	/usr/lib/libDiagnosticMessagesClient.dylib
0x0000000005335000 	/System/Library/Frameworks/CoreServices.framework/Versions/A/CoreServices
0x0000000005335000 	/System/Library/PrivateFrameworks/PerformanceAnalysis.framework/Versions/A/PerformanceAnalysis
0x0000000005335000 	/System/Library/Frameworks/OpenGL.framework/Versions/A/OpenGL
0x0000000005335000 	/System/Library/Frameworks/ColorSync.framework/Versions/A/ColorSync
0x0000000005335000 	/System/Library/Frameworks/CoreImage.framework/Versions/A/CoreImage
0x0000000005335000 	/System/Library/Frameworks/CoreText.framework/Versions/A/CoreText
0x0000000005335000 	/System/Library/Frameworks/ImageIO.framework/Versions/A/ImageIO
0x0000000005335000 	/System/Library/PrivateFrameworks/Backup.framework/Versions/A/Backup
0x0000000005335000 	/usr/lib/libarchive.2.dylib
0x0000000005335000 	/System/Library/Frameworks/CFNetwork.framework/Versions/A/CFNetwork
0x0000000005335000 	/System/Library/Frameworks/SystemConfiguration.framework/Versions/A/SystemConfiguration
0x0000000005335000 	/usr/lib/libCRFSuite.dylib
0x0000000005335000 	/usr/lib/libc++.1.dylib
0x0000000005335000 	/usr/lib/libc++abi.dylib
0x0000000005335000 	/usr/lib/system/libcache.dylib
0x0000000005335000 	/usr/lib/system/libcommonCrypto.dylib
0x0000000005335000 	/usr/lib/system/libcompiler_rt.dylib
0x0000000005335000 	/usr/lib/system/libcopyfile.dylib
0x0000000005335000 	/usr/lib/system/libcorecrypto.dylib
0x0000000005335000 	/usr/lib/system/libdispatch.dylib
0x0000000005335000 	/usr/lib/system/libdyld.dylib
0x0000000005335000 	/usr/lib/system/libkeymgr.dylib
0x0000000005335000 	/usr/lib/system/liblaunch.dylib
0x0000000005335000 	/usr/lib/system/libmacho.dylib
0x0000000005335000 	/usr/lib/system/libquarantine.dylib
0x0000000005335000 	/usr/lib/system/libremovefile.dylib
0x0000000005335000 	/usr/lib/system/libsystem_asl.dylib
0x0000000005335000 	/usr/lib/system/libsystem_blocks.dylib
0x0000000005335000 	/usr/lib/system/libsystem_c.dylib
0x0000000005335000 	/usr/lib/system/libsystem_configuration.dylib
0x0000000005335000 	/usr/lib/system/libsystem_coreservices.dylib
0x0000000005335000 	/usr/lib/system/libsystem_darwin.dylib
0x0000000005335000 	/usr/lib/system/libsystem_dnssd.dylib
0x0000000005335000 	/usr/lib/system/libsystem_info.dylib
0x0000000005335000 	/usr/lib/system/libsystem_m.dylib
0x0000000005335000 	/usr/lib/system/libsystem_malloc.dylib
0x0000000005335000 	/usr/lib/system/libsystem_network.dylib
0x0000000005335000 	/usr/lib/system/libsystem_networkextension.dylib
0x0000000005335000 	/usr/lib/system/libsystem_notify.dylib
0x0000000005335000 	/usr/lib/system/libsystem_sandbox.dylib
0x0000000005335000 	/usr/lib/system/libsystem_secinit.dylib
0x0000000005335000 	/usr/lib/system/libsystem_kernel.dylib
0x0000000005335000 	/usr/lib/system/libsystem_platform.dylib
0x0000000005335000 	/usr/lib/system/libsystem_pthread.dylib
0x0000000005335000 	/usr/lib/system/libsystem_symptoms.dylib
0x0000000005335000 	/usr/lib/system/libsystem_trace.dylib
0x0000000005335000 	/usr/lib/system/libunwind.dylib
0x0000000005335000 	/usr/lib/system/libxpc.dylib
0x0000000005335000 	/usr/lib/closure/libclosured.dylib
0x0000000005335000 	/usr/lib/libbsm.0.dylib
0x0000000005335000 	/usr/lib/system/libkxld.dylib
0x0000000005335000 	/usr/lib/libOpenScriptingUtil.dylib
0x0000000005335000 	/usr/lib/libcoretls.dylib
0x0000000005335000 	/usr/lib/libcoretls_cfhelpers.dylib
0x0000000005335000 	/usr/lib/libpam.2.dylib
0x0000000005335000 	/usr/lib/libsqlite3.dylib
0x0000000005335000 	/usr/lib/libxar.1.dylib
0x0000000005335000 	/usr/lib/libbz2.1.0.dylib
0x0000000005335000 	/usr/lib/liblzma.5.dylib
0x0000000005335000 	/usr/lib/libnetwork.dylib
0x0000000005335000 	/usr/lib/libapple_nghttp2.dylib
0x0000000005335000 	/usr/lib/libpcap.A.dylib
0x0000000005335000 	/usr/lib/libboringssl.dylib
0x0000000005335000 	/usr/lib/libusrtcp.dylib
0x0000000005335000 	/usr/lib/libapple_crypto.dylib
0x0000000005335000 	/System/Library/Frameworks/CoreServices.framework/Versions/A/Frameworks/FSEvents.framework/Versions/A/FSEvents
0x0000000005335000 	/System/Library/Frameworks/CoreServices.framework/Versions/A/Frameworks/CarbonCore.framework/Versions/A/CarbonCore
0x0000000005335000 	/System/Library/Frameworks/CoreServices.framework/Versions/A/Frameworks/Metadata.framework/Versions/A/Metadata
0x0000000005335000 	/System/Library/Frameworks/CoreServices.framework/Versions/A/Frameworks/OSServices.framework/Versions/A/OSServices
0x0000000005335000 	/System/Library/Frameworks/CoreServices.framework/Versions/A/Frameworks/SearchKit.framework/Versions/A/SearchKit
0x0000000005335000 	/System/Library/Frameworks/CoreServices.framework/Versions/A/Frameworks/AE.framework/Versions/A/AE
0x0000000005335000 	/System/Library/Frameworks/CoreServices.framework/Versions/A/Frameworks/LaunchServices.framework/Versions/A/LaunchServices
0x0000000005335000 	/System/Library/Frameworks/CoreServices.framework/Versions/A/Frameworks/DictionaryServices.framework/Versions/A/DictionaryServices
0x0000000005335000 	/System/Library/Frameworks/CoreServices.framework/Versions/A/Frameworks/SharedFileList.framework/Versions/A/SharedFileList
0x0000000005335000 	/System/Library/Frameworks/NetFS.framework/Versions/A/NetFS
0x0000000005335000 	/System/Library/PrivateFrameworks/NetAuth.framework/Versions/A/NetAuth
0x0000000005335000 	/System/Library/PrivateFrameworks/login.framework/Versions/A/Frameworks/loginsupport.framework/Versions/A/loginsupport
0x0000000005335000 	/System/Library/PrivateFrameworks/TCC.framework/Versions/A/TCC
0x0000000005335000 	/usr/lib/libmecabra.dylib
0x0000000005335000 	/System/Library/Frameworks/ApplicationServices.framework/Versions/A/Frameworks/ATS.framework/Versions/A/ATS
0x0000000005335000 	/System/Library/Frameworks/ApplicationServices.framework/Versions/A/Frameworks/ColorSyncLegacy.framework/Versions/A/ColorSyncLegacy
0x0000000005335000 	/System/Library/Frameworks/ApplicationServices.framework/Versions/A/Frameworks/HIServices.framework/Versions/A/HIServices
0x0000000005335000 	/System/Library/Frameworks/ApplicationServices.framework/Versions/A/Frameworks/LangAnalysis.framework/Versions/A/LangAnalysis
0x0000000005335000 	/System/Library/Frameworks/ApplicationServices.framework/Versions/A/Frameworks/PrintCore.framework/Versions/A/PrintCore
0x0000000005335000 	/System/Library/Frameworks/ApplicationServices.framework/Versions/A/Frameworks/QD.framework/Versions/A/QD
0x0000000005335000 	/System/Library/Frameworks/ApplicationServices.framework/Versions/A/Frameworks/SpeechSynthesis.framework/Versions/A/SpeechSynthesis
0x0000000005335000 	/System/Library/Frameworks/CoreDisplay.framework/Versions/A/CoreDisplay
0x0000000005335000 	/System/Library/Frameworks/Accelerate.framework/Versions/A/Frameworks/vImage.framework/Versions/A/vImage
0x0000000005335000 	/System/Library/Frameworks/Accelerate.framework/Versions/A/Frameworks/vecLib.framework/Versions/A/vecLib
0x0000000005335000 	/System/Library/Frameworks/Accelerate.framework/Versions/A/Frameworks/vecLib.framework/Versions/A/libvDSP.dylib
0x0000000005335000 	/System/Library/Frameworks/Accelerate.framework/Versions/A/Frameworks/vecLib.framework/Versions/A/libBNNS.dylib
0x0000000005335000 	/System/Library/Frameworks/Accelerate.framework/Versions/A/Frameworks/vecLib.framework/Versions/A/libQuadrature.dylib
0x0000000005335000 	/System/Library/Frameworks/Accelerate.framework/Versions/A/Frameworks/vecLib.framework/Versions/A/libvMisc.dylib
0x0000000005335000 	/System/Library/Frameworks/Accelerate.framework/Versions/A/Frameworks/vecLib.framework/Versions/A/libLAPACK.dylib
0x0000000005335000 	/System/Library/Frameworks/Accelerate.framework/Versions/A/Frameworks/vecLib.framework/Versions/A/libBLAS.dylib
0x0000000005335000 	/System/Library/Frameworks/Accelerate.framework/Versions/A/Frameworks/vecLib.framework/Versions/A/libLinearAlgebra.dylib
0x0000000005335000 	/System/Library/Frameworks/Accelerate.framework/Versions/A/Frameworks/vecLib.framework/Versions/A/libSparse.dylib
0x0000000005335000 	/System/Library/Frameworks/Accelerate.framework/Versions/A/Frameworks/vecLib.framework/Versions/A/libSparseBLAS.dylib
0x0000000005335000 	/System/Library/PrivateFrameworks/IOAccelerator.framework/Versions/A/IOAccelerator
0x0000000005335000 	/System/Library/PrivateFrameworks/IOPresentment.framework/Versions/A/IOPresentment
0x0000000005335000 	/System/Library/PrivateFrameworks/DSExternalDisplay.framework/Versions/A/DSExternalDisplay
0x0000000005335000 	/System/Library/Frameworks/OpenGL.framework/Versions/A/Libraries/libCoreFSCache.dylib
0x0000000005335000 	/System/Library/Frameworks/CoreVideo.framework/Versions/A/CoreVideo
0x0000000005335000 	/System/Library/PrivateFrameworks/GraphVisualizer.framework/Versions/A/GraphVisualizer
0x0000000005335000 	/System/Library/Frameworks/MetalPerformanceShaders.framework/Versions/A/MetalPerformanceShaders
0x0000000005335000 	/usr/lib/libFosl_dynamic.dylib
0x0000000005335000 	/System/Library/PrivateFrameworks/FaceCore.framework/Versions/A/FaceCore
0x0000000005335000 	/System/Library/Frameworks/OpenCL.framework/Versions/A/OpenCL
0x0000000005335000 	/usr/lib/libcompression.dylib
0x0000000005335000 	/System/Library/Frameworks/ApplicationServices.framework/Versions/A/Frameworks/ATS.framework/Versions/A/Resources/libFontParser.dylib
0x0000000005335000 	/System/Library/Frameworks/ApplicationServices.framework/Versions/A/Frameworks/ATS.framework/Versions/A/Resources/libFontRegistry.dylib
0x0000000005335000 	/System/Library/Frameworks/ImageIO.framework/Versions/A/Resources/libJPEG.dylib
0x0000000005335000 	/System/Library/Frameworks/ImageIO.framework/Versions/A/Resources/libTIFF.dylib
0x0000000005335000 	/System/Library/Frameworks/ImageIO.framework/Versions/A/Resources/libPng.dylib
0x0000000005335000 	/System/Library/Frameworks/ImageIO.framework/Versions/A/Resources/libGIF.dylib
0x0000000005335000 	/System/Library/Frameworks/ImageIO.framework/Versions/A/Resources/libJP2.dylib
0x0000000005335000 	/System/Library/Frameworks/ImageIO.framework/Versions/A/Resources/libRadiance.dylib
0x0000000005335000 	/System/Library/PrivateFrameworks/AppleJPEG.framework/Versions/A/AppleJPEG
0x0000000005335000 	/System/Library/PrivateFrameworks/MetalTools.framework/Versions/A/MetalTools
0x0000000005335000 	/System/Library/Frameworks/MetalPerformanceShaders.framework/Frameworks/MPSCore.framework/Versions/A/MPSCore
0x0000000005335000 	/System/Library/Frameworks/MetalPerformanceShaders.framework/Frameworks/MPSImage.framework/Versions/A/MPSImage
0x0000000005335000 	/System/Library/Frameworks/MetalPerformanceShaders.framework/Frameworks/MPSMatrix.framework/Versions/A/MPSMatrix
0x0000000005335000 	/System/Library/Frameworks/MetalPerformanceShaders.framework/Frameworks/MPSNeuralNetwork.framework/Versions/A/MPSNeuralNetwork
0x0000000005335000 	/System/Library/Frameworks/OpenGL.framework/Versions/A/Libraries/libGLU.dylib
0x0000000005335000 	/System/Library/Frameworks/OpenGL.framework/Versions/A/Libraries/libGFXShared.dylib
0x0000000005335000 	/System/Library/Frameworks/OpenGL.framework/Versions/A/Libraries/libGL.dylib
0x0000000005335000 	/System/Library/Frameworks/OpenGL.framework/Versions/A/Libraries/libGLImage.dylib
0x0000000005335000 	/System/Library/Frameworks/OpenGL.framework/Versions/A/Libraries/libCVMSPluginSupport.dylib
0x0000000005335000 	/System/Library/Frameworks/OpenGL.framework/Versions/A/Libraries/libCoreVMClient.dylib
0x0000000005335000 	/usr/lib/libcups.2.dylib
0x0000000005335000 	/System/Library/Frameworks/Kerberos.framework/Versions/A/Kerberos
0x0000000005335000 	/System/Library/Frameworks/GSS.framework/Versions/A/GSS
0x0000000005335000 	/usr/lib/libresolv.9.dylib
0x0000000005335000 	/usr/lib/libiconv.2.dylib
0x0000000005335000 	/System/Library/PrivateFrameworks/Heimdal.framework/Versions/A/Heimdal
0x0000000005335000 	/usr/lib/libheimdal-asn1.dylib
0x0000000005335000 	/System/Library/Frameworks/OpenDirectory.framework/Versions/A/OpenDirectory
0x0000000005335000 	/System/Library/PrivateFrameworks/CommonAuth.framework/Versions/A/CommonAuth
0x0000000005335000 	/System/Library/Frameworks/OpenDirectory.framework/Versions/A/Frameworks/CFOpenDirectory.framework/Versions/A/CFOpenDirectory
0x0000000005335000 	/System/Library/Frameworks/SecurityFoundation.framework/Versions/A/SecurityFoundation
0x0000000005335000 	/System/Library/PrivateFrameworks/APFS.framework/Versions/A/APFS
0x0000000005335000 	/usr/lib/libutil.dylib
0x0000000005335000 	/System/Library/PrivateFrameworks/AppleSauce.framework/Versions/A/AppleSauce
0x0000000005335000 	/System/Library/PrivateFrameworks/LinguisticData.framework/Versions/A/LinguisticData
0x0000000005335000 	/usr/lib/libmarisa.dylib
0x0000000005335000 	/System/Library/PrivateFrameworks/Lexicon.framework/Versions/A/Lexicon
0x0000000005335000 	/usr/lib/libChineseTokenizer.dylib
0x0000000005335000 	/usr/lib/libcmph.dylib
0x0000000005335000 	/System/Library/PrivateFrameworks/LanguageModeling.framework/Versions/A/LanguageModeling
0x0000000005335000 	/System/Library/PrivateFrameworks/CoreEmoji.framework/Versions/A/CoreEmoji
0x0000000005335000 	/System/Library/Frameworks/ServiceManagement.framework/Versions/A/ServiceManagement
0x0000000005335000 	/System/Library/PrivateFrameworks/BackgroundTaskManagement.framework/Versions/A/BackgroundTaskManagement
0x0000000005335000 	/usr/lib/libxslt.1.dylib
0x0000000005335000 	/System/Library/Frameworks/Carbon.framework/Versions/A/Frameworks/Ink.framework/Versions/A/Ink
0x0000000005335000 	/System/Library/PrivateFrameworks/TextureIO.framework/Versions/A/TextureIO
0x0000000005335000 	/usr/lib/libate.dylib
0x0000000005335000 	/System/Library/PrivateFrameworks/CrashReporterSupport.framework/Versions/A/CrashReporterSupport
0x0000000005335000 	/System/Library/PrivateFrameworks/Sharing.framework/Versions/A/Sharing
0x0000000005335000 	/System/Library/PrivateFrameworks/IconServices.framework/Versions/A/IconServices
0x0000000005335000 	/System/Library/PrivateFrameworks/ProtocolBuffer.framework/Versions/A/ProtocolBuffer
0x0000000005335000 	/System/Library/PrivateFrameworks/Apple80211.framework/Versions/A/Apple80211
0x0000000005335000 	/System/Library/Frameworks/CoreWLAN.framework/Versions/A/CoreWLAN
0x0000000005335000 	/System/Library/PrivateFrameworks/CoreUtils.framework/Versions/A/CoreUtils
0x0000000005335000 	/System/Library/Frameworks/IOBluetooth.framework/Versions/A/IOBluetooth
0x0000000005335000 	/System/Library/PrivateFrameworks/CoreWiFi.framework/Versions/A/CoreWiFi
0x0000000005335000 	/System/Library/Frameworks/CoreBluetooth.framework/Versions/A/CoreBluetooth
0x0000000005335000 	/System/Library/PrivateFrameworks/SignpostNotification.framework/Versions/A/SignpostNotification
0x0000000005335000 	/System/Library/PrivateFrameworks/DebugSymbols.framework/Versions/A/DebugSymbols
0x0000000005335000 	/System/Library/PrivateFrameworks/CoreSymbolication.framework/Versions/A/CoreSymbolication
0x0000000005335000 	/System/Library/PrivateFrameworks/Symbolication.framework/Versions/A/Symbolication
0x0000000005335000 	/System/Library/PrivateFrameworks/AppleFSCompression.framework/Versions/A/AppleFSCompression
0x0000000005335000 	/System/Library/PrivateFrameworks/SpeechRecognitionCore.framework/Versions/A/SpeechRecognitionCore
0x000000010a644000 	/Library/Java/JavaVirtualMachines/jdk1.8.0_144.jdk/Contents/Home/jre/lib/server/libjvm.dylib
0x0000000005335000 	/usr/lib/libstdc++.6.0.9.dylib
0x000000010b5eb000 	/Library/Java/JavaVirtualMachines/jdk1.8.0_144.jdk/Contents/Home/jre/lib/libverify.dylib
0x000000010be00000 	/Library/Java/JavaVirtualMachines/jdk1.8.0_144.jdk/Contents/Home/jre/lib/libjava.dylib
0x000000010be35000 	/Library/Java/JavaVirtualMachines/jdk1.8.0_144.jdk/Contents/Home/jre/lib/libinstrument.dylib
0x000000010bed1000 	/Library/Java/JavaVirtualMachines/jdk1.8.0_144.jdk/Contents/Home/jre/lib/libzip.dylib
0x0000000005335000 	/System/Library/Frameworks/JavaVM.framework/Versions/A/Frameworks/JavaRuntimeSupport.framework/Versions/A/JavaRuntimeSupport
0x0000000005335000 	/System/Library/Frameworks/JavaVM.framework/Versions/A/Frameworks/JavaNativeFoundation.framework/Versions/A/JavaNativeFoundation
0x0000000005335000 	/System/Library/Frameworks/JavaVM.framework/Versions/A/JavaVM
0x0000000005335000 	/System/Library/Frameworks/Carbon.framework/Versions/A/Carbon
0x0000000005335000 	/System/Library/PrivateFrameworks/JavaLaunching.framework/Versions/A/JavaLaunching
0x0000000005335000 	/System/Library/Frameworks/Carbon.framework/Versions/A/Frameworks/CommonPanels.framework/Versions/A/CommonPanels
0x0000000005335000 	/System/Library/Frameworks/Carbon.framework/Versions/A/Frameworks/Help.framework/Versions/A/Help
0x0000000005335000 	/System/Library/Frameworks/Carbon.framework/Versions/A/Frameworks/ImageCapture.framework/Versions/A/ImageCapture
0x0000000005335000 	/System/Library/Frameworks/Carbon.framework/Versions/A/Frameworks/OpenScripting.framework/Versions/A/OpenScripting
0x0000000005335000 	/System/Library/Frameworks/Carbon.framework/Versions/A/Frameworks/Print.framework/Versions/A/Print
0x0000000005335000 	/System/Library/Frameworks/Carbon.framework/Versions/A/Frameworks/SecurityHI.framework/Versions/A/SecurityHI
0x0000000123416000 	/Library/Java/JavaVirtualMachines/jdk1.8.0_144.jdk/Contents/Home/jre/lib/libnet.dylib
0x000000012347a000 	/Library/Java/JavaVirtualMachines/jdk1.8.0_144.jdk/Contents/Home/jre/lib/libawt.dylib
0x0000000123522000 	/Library/Java/JavaVirtualMachines/jdk1.8.0_144.jdk/Contents/Home/jre/lib/./libmlib_image.dylib
0x00000001235ee000 	/Library/Java/JavaVirtualMachines/jdk1.8.0_144.jdk/Contents/Home/jre/lib/libawt_lwawt.dylib
0x00000001236a5000 	/Library/Java/JavaVirtualMachines/jdk1.8.0_144.jdk/Contents/Home/jre/lib/./libosxapp.dylib
0x0000000005335000 	/System/Library/Frameworks/ExceptionHandling.framework/Versions/A/ExceptionHandling
0x0000000005335000 	/System/Library/PrivateFrameworks/CoreServicesInternal.framework/Versions/A/CoreServicesInternal
0x0000000005335000 	/System/Library/CoreServices/RawCamera.bundle/Contents/MacOS/RawCamera
0x0000000005335000 	/System/Library/PrivateFrameworks/MobileAsset.framework/Versions/A/MobileAsset
0x0000000005335000 	/System/Library/PrivateFrameworks/StreamingZip.framework/Versions/A/StreamingZip
0x0000000005335000 	/System/Library/Frameworks/MediaToolbox.framework/Versions/A/MediaToolbox
0x0000000005335000 	/System/Library/PrivateFrameworks/CoreAVCHD.framework/Versions/A/CoreAVCHD
0x0000000005335000 	/System/Library/Frameworks/MediaAccessibility.framework/Versions/A/MediaAccessibility
0x0000000005335000 	/System/Library/PrivateFrameworks/Mangrove.framework/Versions/A/Mangrove
0x0000000005335000 	/System/Library/Frameworks/CoreMedia.framework/Versions/A/CoreMedia
0x0000000005335000 	/System/Library/Frameworks/VideoToolbox.framework/Versions/A/VideoToolbox
0x0000000005335000 	/System/Library/PrivateFrameworks/CoreAUC.framework/Versions/A/CoreAUC
0x0000000005335000 	/usr/lib/libspindump.dylib
0x0000000005335000 	/usr/lib/libdscsym.dylib
0x0000000005335000 	/System/Library/PrivateFrameworks/AppleVA.framework/Versions/A/AppleVA
0x0000000005335000 	/System/Library/Frameworks/Accelerate.framework/Versions/A/Frameworks/vImage.framework/Versions/A/Libraries/libCGInterfaces.dylib
0x0000000005335000 	/System/Library/Frameworks/ApplicationServices.framework/Versions/A/Frameworks/ATS.framework/Versions/A/Resources/libTrueTypeScaler.dylib
0x0000000005335000 	/System/Library/Frameworks/OpenGL.framework/Versions/A/Resources/GLEngine.bundle/GLEngine
0x0000000005335000 	/System/Library/Frameworks/OpenGL.framework/Versions/A/Libraries/libGLProgrammability.dylib
0x0000000125e17000 	/System/Library/Extensions/AppleIntelBDWGraphicsGLDriver.bundle/Contents/MacOS/AppleIntelBDWGraphicsGLDriver
0x0000000005335000 	/System/Library/PrivateFrameworks/GPUSupport.framework/Versions/A/Libraries/libGPUSupportMercury.dylib
0x0000000005335000 	/System/Library/Frameworks/OpenGL.framework/Versions/A/Resources/GLRendererFloat.bundle/GLRendererFloat
0x0000000005335000 	/System/Library/Frameworks/OpenCL.framework/Versions/A/Libraries/libcldcpuengine.dylib
0x0000000005335000 	/usr/lib/libcrypto.35.dylib
0x0000000005335000 	/System/Library/PrivateFrameworks/TrustEvaluationAgent.framework/Versions/A/TrustEvaluationAgent
0x0000000005335000 	/System/Library/Extensions/AppleIntelBDWGraphicsMTLDriver.bundle/Contents/MacOS/AppleIntelBDWGraphicsMTLDriver
0x0000000005335000 	/System/Library/PrivateFrameworks/GPUCompiler.framework/Versions/3802/Libraries/libmetal_timestamp.dylib
0x0000000005335000 	/System/Library/PrivateFrameworks/FamilyControls.framework/Versions/A/FamilyControls
0x0000000005335000 	/System/Library/PrivateFrameworks/CommerceKit.framework/Versions/A/Frameworks/CommerceCore.framework/Versions/A/CommerceCore
0x0000000005335000 	/System/Library/PrivateFrameworks/SystemAdministration.framework/Versions/A/SystemAdministration
0x0000000005335000 	/System/Library/PrivateFrameworks/AppContainer.framework/Versions/A/AppContainer
0x0000000005335000 	/System/Library/PrivateFrameworks/SecCodeWrapper.framework/Versions/A/SecCodeWrapper
0x0000000005335000 	/System/Library/PrivateFrameworks/DiskManagement.framework/Versions/A/DiskManagement
0x0000000005335000 	/System/Library/Frameworks/DirectoryService.framework/Versions/A/DirectoryService
0x0000000005335000 	/System/Library/PrivateFrameworks/DiskImages.framework/Versions/A/DiskImages
0x0000000005335000 	/System/Library/PrivateFrameworks/LoginUIKit.framework/Versions/A/Frameworks/LoginUICore.framework/Versions/A/LoginUICore
0x0000000005335000 	/usr/lib/libCoreStorage.dylib
0x0000000005335000 	/usr/lib/libcsfde.dylib
0x0000000005335000 	/usr/lib/libodfde.dylib
0x0000000005335000 	/System/Library/PrivateFrameworks/MediaKit.framework/Versions/A/MediaKit
0x0000000005335000 	/System/Library/Frameworks/DiscRecording.framework/Versions/A/DiscRecording
0x0000000005335000 	/System/Library/PrivateFrameworks/EFILogin.framework/Versions/A/EFILogin
0x0000000005335000 	/System/Library/PrivateFrameworks/ProtectedCloudStorage.framework/Versions/A/ProtectedCloudStorage
0x0000000005335000 	/usr/lib/libcurl.4.dylib
0x0000000005335000 	/usr/lib/libssl.35.dylib
0x0000000005335000 	/System/Library/Frameworks/LDAP.framework/Versions/A/LDAP
0x0000000005335000 	/usr/lib/libsasl2.2.dylib
0x0000000005335000 	/System/Library/PrivateFrameworks/CoreDaemon.framework/Versions/B/CoreDaemon
0x0000000005335000 	/System/Library/PrivateFrameworks/AppleSRP.framework/Versions/A/AppleSRP
0x0000000126c55000 	/Library/Java/JavaVirtualMachines/jdk1.8.0_144.jdk/Contents/Home/jre/lib/libfontmanager.dylib
0x0000000126cbc000 	/Users/jespereriksen/Desktop/TDvol6/native/liblwjgl.dylib
0x0000000124bd6000 	/Library/Java/JavaVirtualMachines/jdk1.8.0_144.jdk/Contents/Home/jre/lib/libjawt.dylib

VM Arguments:
jvm_args: -Djava.library.path=/Users/jespereriksen/Desktop/TDvol6/native -javaagent:/Applications/IntelliJ IDEA.app/Contents/lib/idea_rt.jar=56018:/Applications/IntelliJ IDEA.app/Contents/bin -Dfile.encoding=UTF-8 
java_command: Game.Main
java_class_path (initial): /Library/Java/JavaVirtualMachines/jdk1.8.0_144.jdk/Contents/Home/jre/lib/charsets.jar:/Library/Java/JavaVirtualMachines/jdk1.8.0_144.jdk/Contents/Home/jre/lib/deploy.jar:/Library/Java/JavaVirtualMachines/jdk1.8.0_144.jdk/Contents/Home/jre/lib/ext/cldrdata.jar:/Library/Java/JavaVirtualMachines/jdk1.8.0_144.jdk/Contents/Home/jre/lib/ext/dnsns.jar:/Library/Java/JavaVirtualMachines/jdk1.8.0_144.jdk/Contents/Home/jre/lib/ext/jaccess.jar:/Library/Java/JavaVirtualMachines/jdk1.8.0_144.jdk/Contents/Home/jre/lib/ext/jfxrt.jar:/Library/Java/JavaVirtualMachines/jdk1.8.0_144.jdk/Contents/Home/jre/lib/ext/localedata.jar:/Library/Java/JavaVirtualMachines/jdk1.8.0_144.jdk/Contents/Home/jre/lib/ext/nashorn.jar:/Library/Java/JavaVirtualMachines/jdk1.8.0_144.jdk/Contents/Home/jre/lib/ext/sunec.jar:/Library/Java/JavaVirtualMachines/jdk1.8.0_144.jdk/Contents/Home/jre/lib/ext/sunjce_provider.jar:/Library/Java/JavaVirtualMachines/jdk1.8.0_144.jdk/Contents/Home/jre/lib/ext/sunpkcs11.jar:/Library/Java/JavaVirtualMachines/jdk1.8.0_144.jdk/Contents/Home/jre/lib/ext/zipfs.jar:/Library/Java/JavaVirtualMachines/jdk1.8.0_144.jdk/Contents/Home/jre/lib/javaws.jar:/Library/Java/JavaVirtualMachines/jdk1.8.0_144.jdk/Contents/Home/jre/lib/jce.jar:/Library/Java/JavaVirtualMachines/jdk1.8.0_144.jdk/Contents/Home/jre/lib/jfr.jar:/Library/Java/JavaVirtualMachines/jdk1.8.0_144.jdk/Contents/Home/jre/lib/jfxswt.jar:/Library/Java/JavaVirtualMachines/jdk1.8.0_144.jdk/Contents/Home/jre/lib/jsse.jar:/Library/Java/JavaVirtualMachines/jdk1.8.0_144.jdk/Contents/Home/jre/lib/management-agent.jar:/Library/Java/JavaVirtualMachines/jdk1.8.0_144.jdk/Contents/Home/jre/lib/plugin.jar:/Library/Java/JavaVirtualMachines/jdk1.8.0_144.jdk/Contents/Home/jre/lib/resources.jar:/Library/Java/JavaVirtualMachines/jdk1.8.0_144.jdk/Contents/Home/jre/lib/rt.jar:/Library/Java/JavaVirtualMachines/jdk1.8.0_144.jdk/Contents/Home/lib/ant-javafx.jar:/Library/Java/JavaVirtualMachines/jdk1.8.0_144.jdk/Contents/Home
Launcher Type: SUN_STANDARD

Environment Variables:
PATH=/usr/local/bin:/usr/bin:/bin:/usr/sbin:/sbin
SHELL=/bin/bash

Signal Handlers:
SIGSEGV: [libjvm.dylib+0x5b26e5], sa_mask[0]=11111111011111110111111111111111, sa_flags=SA_ONSTACK|SA_RESTART|SA_SIGINFO
SIGBUS: [libjvm.dylib+0x5b26e5], sa_mask[0]=11111111011111110111111111111111, sa_flags=SA_RESTART|SA_SIGINFO
SIGFPE: [libjvm.dylib+0x489100], sa_mask[0]=11111111011111110111111111111111, sa_flags=SA_RESTART|SA_SIGINFO
SIGPIPE: [libjvm.dylib+0x489100], sa_mask[0]=11111111011111110111111111111111, sa_flags=SA_RESTART|SA_SIGINFO
SIGXFSZ: [libjvm.dylib+0x489100], sa_mask[0]=11111111011111110111111111111111, sa_flags=SA_RESTART|SA_SIGINFO
SIGILL: [libjvm.dylib+0x489100], sa_mask[0]=11111111011111110111111111111111, sa_flags=SA_RESTART|SA_SIGINFO
SIGUSR1: SIG_DFL, sa_mask[0]=00000000000000000000000000000000, sa_flags=none
SIGUSR2: [libjvm.dylib+0x488c1e], sa_mask[0]=00100000000000000000000000000000, sa_flags=SA_RESTART|SA_SIGINFO
SIGHUP: [libjvm.dylib+0x4871f5], sa_mask[0]=11111111011111110111111111111111, sa_flags=SA_RESTART|SA_SIGINFO
SIGINT: [libjvm.dylib+0x4871f5], sa_mask[0]=11111111011111110111111111111111, sa_flags=SA_RESTART|SA_SIGINFO
SIGTERM: [libjvm.dylib+0x4871f5], sa_mask[0]=11111111011111110111111111111111, sa_flags=SA_RESTART|SA_SIGINFO
SIGQUIT: [libjvm.dylib+0x4871f5], sa_mask[0]=11111111011111110111111111111111, sa_flags=SA_RESTART|SA_SIGINFO


---------------  S Y S T E M  ---------------

OS:Bsduname:Darwin 17.4.0 Darwin Kernel Version 17.4.0: Sun Dec 17 09:19:54 PST 2017; root:xnu-4570.41.2~1/RELEASE_X86_64 x86_64
rlimit: STACK 8192k, CORE 0k, NPROC 709, NOFILE 10240, AS infinity
load average:4.51 5.25 3.88

CPU:total 4 (initial active 4) (2 cores per cpu, 2 threads per core) family 6 model 61 stepping 4, cmov, cx8, fxsr, mmx, sse, sse2, sse3, ssse3, sse4.1, sse4.2, popcnt, avx, avx2, aes, clmul, erms, 3dnowpref, lzcnt, ht, tsc, tscinvbit, bmi1, bmi2, adx

Memory: 4k page, physical 8388608k(3821340k free)

/proc/meminfo:


vm_info: Java HotSpot(TM) 64-Bit Server VM (25.144-b01) for bsd-amd64 JRE (1.8.0_144-b01), built on Jul 21 2017 22:07:42 by "java_re" with gcc 4.2.1 (Based on Apple Inc. build 5658) (LLVM build 2336.11.00)

time: Fri May 18 22:17:46 2018
elapsed time: 0 seconds (0d 0h 0m 0s)

